<?xml version="1.0" encoding="UTF-8"?>
<!-- Generated by org.testng.reporters.JUnitXMLReporter -->
<testsuite hostname="LNGDAYV-1040192" ignored="1" name="Default test" tests="1" failures="0" timestamp="07 Sep 2020 12:00:06 GMT" time="22.729" errors="0">
  <testcase name="verifyCreationOfMatterTest" time="4.024" classname="com.lexisnexis.cl.q7.tests.MatterCreationPageTest"/>
  <testcase name="verifyCreateMatterTitleTest" time="0.0" classname="com.lexisnexis.cl.q7.tests.MatterCreationPageTest">
    <ignored/>
  </testcase> <!-- verifyCreateMatterTitleTest -->
</testsuite> <!-- Default test -->
