<?xml version="1.0" encoding="UTF-8"?>
<!-- Generated by org.testng.reporters.JUnitXMLReporter -->
<testsuite hostname="LNGDAYV-1040192" ignored="0" name="Matter Creation test" tests="2" failures="1" timestamp="07 Sep 2020 12:10:49 GMT" time="48.663" errors="0">
  <testcase name="verifyCreateMatterTitleTest" time="1.659" classname="com.lexisnexis.cl.q7.tests.MatterCreationPageTest">
    <failure type="java.lang.AssertionError" message="something is missing expected [CounselLink - Matt Create] but found []">
      <![CDATA[java.lang.AssertionError: something is missing expected [CounselLink - Matt Create] but found []
at com.lexisnexis.cl.q7.tests.MatterCreationPageTest.verifyCreateMatterTitleTest(MatterCreationPageTest.java:65)
... Removed 30 stack frames]]>
    </failure>
  </testcase> <!-- verifyCreateMatterTitleTest -->
  <testcase name="verifyCreationOfMatterTest" time="4.042" classname="com.lexisnexis.cl.q7.tests.MatterCreationPageTest"/>
</testsuite> <!-- Matter Creation test -->
